# JRE version: OpenJDK Runtime Environment (17.0.11) (build 17.0.11+0--11852314)
# Java VM: OpenJDK 64-Bit Server VM (17.0.11+0--11852314, mixed mode, tiered, compressed oops, compressed class ptrs, g1 gc, windows-amd64)
GC Precious Log:
 CPUs: 8 total, 8 available
 Memory: 16078M
 Large Page Support: Disabled
 NUMA Support: Disabled
 Compressed Oops: Enabled (32-bit)
 Heap Region Size: 1M
 Heap Min Capacity: 8M
 Heap Initial Capacity: 252M
 Heap Max Capacity: 2G
 Pre-touch: Disabled
 Parallel Workers: 8
 Concurrent Workers: 2
 Concurrent Refinement Workers: 8
 Periodic GC: Disabled
Heap:
 garbage-first heap   total 445440K, used 321835K [0x0000000080000000, 0x0000000100000000)
  region size 1024K, 6 young (6144K), 6 survivors (6144K)
 Metaspace       used 164926K, committed 166144K, reserved 1245184K
  class space    used 22471K, committed 23040K, reserved 1048576K
GC Heap History (20 events):
Event: 35.695 GC heap after
{Heap after GC invocations=65 (full 0):
 garbage-first heap   total 374784K, used 248012K [0x0000000080000000, 0x0000000100000000)
  region size 1024K, 5 young (5120K), 5 survivors (5120K)
 Metaspace       used 161150K, committed 162304K, reserved 1245184K
  class space    used 22052K, committed 22592K, reserved 1048576K
}
Event: 36.103 GC heap before
{Heap before GC invocations=65 (full 0):
 garbage-first heap   total 374784K, used 321740K [0x0000000080000000, 0x0000000100000000)
  region size 1024K, 78 young (79872K), 5 survivors (5120K)
 Metaspace       used 162961K, committed 164160K, reserved 1245184K
  class space    used 22316K, committed 22912K, reserved 1048576K
}
Event: 36.113 GC heap after
{Heap after GC invocations=66 (full 0):
 garbage-first heap   total 374784K, used 249904K [0x0000000080000000, 0x0000000100000000)
  region size 1024K, 7 young (7168K), 7 survivors (7168K)
 Metaspace       used 162961K, committed 164160K, reserved 1245184K
  class space    used 22316K, committed 22912K, reserved 1048576K
}
Event: 36.509 GC heap before
{Heap before GC invocations=66 (full 0):
 garbage-first heap   total 374784K, used 323632K [0x0000000080000000, 0x0000000100000000)
  region size 1024K, 80 young (81920K), 7 survivors (7168K)
 Metaspace       used 163499K, committed 164672K, reserved 1245184K
  class space    used 22354K, committed 22912K, reserved 1048576K
}
Event: 36.519 GC heap after
{Heap after GC invocations=67 (full 0):
 garbage-first heap   total 374784K, used 253085K [0x0000000080000000, 0x0000000100000000)
  region size 1024K, 8 young (8192K), 8 survivors (8192K)
 Metaspace       used 163499K, committed 164672K, reserved 1245184K
  class space    used 22354K, committed 22912K, reserved 1048576K
}
Event: 36.749 GC heap before
{Heap before GC invocations=67 (full 0):
 garbage-first heap   total 374784K, used 322717K [0x0000000080000000, 0x0000000100000000)
  region size 1024K, 77 young (78848K), 8 survivors (8192K)
 Metaspace       used 163718K, committed 164864K, reserved 1245184K
  class space    used 22356K, committed 22912K, reserved 1048576K
}
Event: 36.758 GC heap after
{Heap after GC invocations=68 (full 0):
 garbage-first heap   total 374784K, used 261179K [0x0000000080000000, 0x0000000100000000)
  region size 1024K, 10 young (10240K), 10 survivors (10240K)
 Metaspace       used 163718K, committed 164864K, reserved 1245184K
  class space    used 22356K, committed 22912K, reserved 1048576K
}
Event: 36.922 GC heap before
{Heap before GC invocations=68 (full 0):
 garbage-first heap   total 374784K, used 318523K [0x0000000080000000, 0x0000000100000000)
  region size 1024K, 67 young (68608K), 10 survivors (10240K)
 Metaspace       used 163920K, committed 165056K, reserved 1245184K
  class space    used 22360K, committed 22912K, reserved 1048576K
}
Event: 36.929 GC heap after
{Heap after GC invocations=69 (full 0):
 garbage-first heap   total 374784K, used 268454K [0x0000000080000000, 0x0000000100000000)
  region size 1024K, 9 young (9216K), 9 survivors (9216K)
 Metaspace       used 163920K, committed 165056K, reserved 1245184K
  class space    used 22360K, committed 22912K, reserved 1048576K
}
Event: 37.089 GC heap before
{Heap before GC invocations=69 (full 0):
 garbage-first heap   total 374784K, used 316582K [0x0000000080000000, 0x0000000100000000)
  region size 1024K, 57 young (58368K), 9 survivors (9216K)
 Metaspace       used 164095K, committed 165248K, reserved 1245184K
  class space    used 22363K, committed 22912K, reserved 1048576K
}
Event: 37.099 GC heap after
{Heap after GC invocations=70 (full 0):
 garbage-first heap   total 374784K, used 276254K [0x0000000080000000, 0x0000000100000000)
  region size 1024K, 8 young (8192K), 8 survivors (8192K)
 Metaspace       used 164095K, committed 165248K, reserved 1245184K
  class space    used 22363K, committed 22912K, reserved 1048576K
}
Event: 37.205 GC heap before
{Heap before GC invocations=70 (full 0):
 garbage-first heap   total 374784K, used 319262K [0x0000000080000000, 0x0000000100000000)
  region size 1024K, 50 young (51200K), 8 survivors (8192K)
 Metaspace       used 164177K, committed 165376K, reserved 1245184K
  class space    used 22383K, committed 22976K, reserved 1048576K
}
Event: 37.218 GC heap after
{Heap after GC invocations=71 (full 0):
 garbage-first heap   total 445440K, used 282329K [0x0000000080000000, 0x0000000100000000)
  region size 1024K, 7 young (7168K), 7 survivors (7168K)
 Metaspace       used 164177K, committed 165376K, reserved 1245184K
  class space    used 22383K, committed 22976K, reserved 1048576K
}
Event: 37.494 GC heap before
{Heap before GC invocations=71 (full 0):
 garbage-first heap   total 445440K, used 367321K [0x0000000080000000, 0x0000000100000000)
  region size 1024K, 91 young (93184K), 7 survivors (7168K)
 Metaspace       used 164501K, committed 165696K, reserved 1245184K
  class space    used 22444K, committed 23040K, reserved 1048576K
}
Event: 37.514 GC heap after
{Heap after GC invocations=72 (full 0):
 garbage-first heap   total 445440K, used 292238K [0x0000000080000000, 0x0000000100000000)
  region size 1024K, 11 young (11264K), 11 survivors (11264K)
 Metaspace       used 164501K, committed 165696K, reserved 1245184K
  class space    used 22444K, committed 23040K, reserved 1048576K
}
Event: 37.763 GC heap before
{Heap before GC invocations=72 (full 0):
 garbage-first heap   total 445440K, used 370062K [0x0000000080000000, 0x0000000100000000)
  region size 1024K, 88 young (90112K), 11 survivors (11264K)
 Metaspace       used 164652K, committed 165824K, reserved 1245184K
  class space    used 22459K, committed 23040K, reserved 1048576K
}
Event: 37.781 GC heap after
{Heap after GC invocations=73 (full 0):
 garbage-first heap   total 445440K, used 303056K [0x0000000080000000, 0x0000000100000000)
  region size 1024K, 11 young (11264K), 11 survivors (11264K)
 Metaspace       used 164652K, committed 165824K, reserved 1245184K
  class space    used 22459K, committed 23040K, reserved 1048576K
}
Event: 38.005 GC heap before
{Heap before GC invocations=73 (full 0):
 garbage-first heap   total 445440K, used 373712K [0x0000000080000000, 0x0000000100000000)
  region size 1024K, 80 young (81920K), 11 survivors (11264K)
 Metaspace       used 164783K, committed 166016K, reserved 1245184K
  class space    used 22463K, committed 23040K, reserved 1048576K
}
Event: 38.024 GC heap after
{Heap after GC invocations=74 (full 0):
 garbage-first heap   total 445440K, used 314837K [0x0000000080000000, 0x0000000100000000)
  region size 1024K, 10 young (10240K), 10 survivors (10240K)
 Metaspace       used 164783K, committed 166016K, reserved 1245184K
  class space    used 22463K, committed 23040K, reserved 1048576K
}
Event: 38.207 GC heap before
{Heap before GC invocations=74 (full 0):
 garbage-first heap   total 445440K, used 376277K [0x0000000080000000, 0x0000000100000000)
  region size 1024K, 70 young (71680K), 10 survivors (10240K)
 Metaspace       used 164926K, committed 166144K, reserved 1245184K
  class space    used 22471K, committed 23040K, reserved 1048576K
}

