# JRE version: OpenJDK Runtime Environment (17.0.11) (build 17.0.11+0--11852314)
# Java VM: OpenJDK 64-Bit Server VM (17.0.11+0--11852314, mixed mode, tiered, compressed oops, compressed class ptrs, g1 gc, windows-amd64)
GC Precious Log:
 CPUs: 8 total, 8 available
 Memory: 16078M
 Large Page Support: Disabled
 NUMA Support: Disabled
 Compressed Oops: Enabled (32-bit)
 Heap Region Size: 1M
 Heap Min Capacity: 8M
 Heap Initial Capacity: 252M
 Heap Max Capacity: 2G
 Pre-touch: Disabled
 Parallel Workers: 8
 Concurrent Workers: 2
 Concurrent Refinement Workers: 8
 Periodic GC: Disabled
Heap:
 garbage-first heap   total 423936K, used 191872K [0x0000000080000000, 0x0000000100000000)
  region size 1024K, 2 young (2048K), 2 survivors (2048K)
 Metaspace       used 125085K, committed 125888K, reserved 1179648K
  class space    used 17534K, committed 17856K, reserved 1048576K
GC Heap History (20 events):
Event: 11.421 GC heap after
{Heap after GC invocations=47 (full 0):
 garbage-first heap   total 211968K, used 109474K [0x0000000080000000, 0x0000000100000000)
  region size 1024K, 5 young (5120K), 5 survivors (5120K)
 Metaspace       used 102514K, committed 103296K, reserved 1179648K
  class space    used 14236K, committed 14592K, reserved 1048576K
}
Event: 11.496 GC heap before
{Heap before GC invocations=47 (full 0):
 garbage-first heap   total 211968K, used 113570K [0x0000000080000000, 0x0000000100000000)
  region size 1024K, 10 young (10240K), 5 survivors (5120K)
 Metaspace       used 102564K, committed 103296K, reserved 1179648K
  class space    used 14237K, committed 14592K, reserved 1048576K
}
Event: 11.501 GC heap after
{Heap after GC invocations=48 (full 0):
 garbage-first heap   total 211968K, used 108951K [0x0000000080000000, 0x0000000100000000)
  region size 1024K, 2 young (2048K), 2 survivors (2048K)
 Metaspace       used 102564K, committed 103296K, reserved 1179648K
  class space    used 14237K, committed 14592K, reserved 1048576K
}
Event: 11.638 GC heap before
{Heap before GC invocations=48 (full 0):
 garbage-first heap   total 211968K, used 122263K [0x0000000080000000, 0x0000000100000000)
  region size 1024K, 17 young (17408K), 2 survivors (2048K)
 Metaspace       used 102688K, committed 103488K, reserved 1179648K
  class space    used 14260K, committed 14656K, reserved 1048576K
}
Event: 11.646 GC heap after
{Heap after GC invocations=49 (full 0):
 garbage-first heap   total 423936K, used 111037K [0x0000000080000000, 0x0000000100000000)
  region size 1024K, 4 young (4096K), 4 survivors (4096K)
 Metaspace       used 102688K, committed 103488K, reserved 1179648K
  class space    used 14260K, committed 14656K, reserved 1048576K
}
Event: 13.568 GC heap before
{Heap before GC invocations=50 (full 0):
 garbage-first heap   total 406528K, used 336317K [0x0000000080000000, 0x0000000100000000)
  region size 1024K, 220 young (225280K), 4 survivors (4096K)
 Metaspace       used 108562K, committed 109248K, reserved 1179648K
  class space    used 14929K, committed 15232K, reserved 1048576K
}
Event: 13.582 GC heap after
{Heap after GC invocations=51 (full 0):
 garbage-first heap   total 406528K, used 136025K [0x0000000080000000, 0x0000000100000000)
  region size 1024K, 28 young (28672K), 28 survivors (28672K)
 Metaspace       used 108562K, committed 109248K, reserved 1179648K
  class space    used 14929K, committed 15232K, reserved 1048576K
}
Event: 13.585 GC heap before
{Heap before GC invocations=51 (full 0):
 garbage-first heap   total 406528K, used 137049K [0x0000000080000000, 0x0000000100000000)
  region size 1024K, 29 young (29696K), 28 survivors (28672K)
 Metaspace       used 108569K, committed 109312K, reserved 1179648K
  class space    used 14930K, committed 15296K, reserved 1048576K
}
Event: 13.596 GC heap after
{Heap after GC invocations=52 (full 0):
 garbage-first heap   total 406528K, used 128815K [0x0000000080000000, 0x0000000100000000)
  region size 1024K, 3 young (3072K), 3 survivors (3072K)
 Metaspace       used 108569K, committed 109312K, reserved 1179648K
  class space    used 14930K, committed 15296K, reserved 1048576K
}
Event: 14.850 GC heap before
{Heap before GC invocations=52 (full 0):
 garbage-first heap   total 406528K, used 312111K [0x0000000080000000, 0x0000000100000000)
  region size 1024K, 183 young (187392K), 3 survivors (3072K)
 Metaspace       used 115420K, committed 116224K, reserved 1179648K
  class space    used 15966K, committed 16320K, reserved 1048576K
}
Event: 14.881 GC heap after
{Heap after GC invocations=53 (full 0):
 garbage-first heap   total 406528K, used 154014K [0x0000000080000000, 0x0000000100000000)
  region size 1024K, 23 young (23552K), 23 survivors (23552K)
 Metaspace       used 115420K, committed 116224K, reserved 1179648K
  class space    used 15966K, committed 16320K, reserved 1048576K
}
Event: 15.597 GC heap before
{Heap before GC invocations=54 (full 0):
 garbage-first heap   total 406528K, used 307614K [0x0000000080000000, 0x0000000100000000)
  region size 1024K, 174 young (178176K), 23 survivors (23552K)
 Metaspace       used 119020K, committed 119808K, reserved 1179648K
  class space    used 16543K, committed 16896K, reserved 1048576K
}
Event: 15.641 GC heap after
{Heap after GC invocations=55 (full 0):
 garbage-first heap   total 406528K, used 175588K [0x0000000080000000, 0x0000000100000000)
  region size 1024K, 22 young (22528K), 22 survivors (22528K)
 Metaspace       used 119020K, committed 119808K, reserved 1179648K
  class space    used 16543K, committed 16896K, reserved 1048576K
}
Event: 15.645 GC heap before
{Heap before GC invocations=55 (full 0):
 garbage-first heap   total 406528K, used 176612K [0x0000000080000000, 0x0000000100000000)
  region size 1024K, 23 young (23552K), 22 survivors (22528K)
 Metaspace       used 119020K, committed 119808K, reserved 1179648K
  class space    used 16543K, committed 16896K, reserved 1048576K
}
Event: 15.664 GC heap after
{Heap after GC invocations=56 (full 0):
 garbage-first heap   total 406528K, used 176998K [0x0000000080000000, 0x0000000100000000)
  region size 1024K, 3 young (3072K), 3 survivors (3072K)
 Metaspace       used 119020K, committed 119808K, reserved 1179648K
  class space    used 16543K, committed 16896K, reserved 1048576K
}
Event: 16.420 GC heap before
{Heap before GC invocations=56 (full 0):
 garbage-first heap   total 406528K, used 313190K [0x0000000080000000, 0x0000000100000000)
  region size 1024K, 137 young (140288K), 3 survivors (3072K)
 Metaspace       used 123368K, committed 124160K, reserved 1179648K
  class space    used 17287K, committed 17664K, reserved 1048576K
}
Event: 16.442 GC heap after
{Heap after GC invocations=57 (full 0):
 garbage-first heap   total 406528K, used 190699K [0x0000000080000000, 0x0000000100000000)
  region size 1024K, 17 young (17408K), 17 survivors (17408K)
 Metaspace       used 123368K, committed 124160K, reserved 1179648K
  class space    used 17287K, committed 17664K, reserved 1048576K
}
Event: 17.331 GC heap before
{Heap before GC invocations=58 (full 0):
 garbage-first heap   total 406528K, used 318699K [0x0000000080000000, 0x0000000100000000)
  region size 1024K, 143 young (146432K), 17 survivors (17408K)
 Metaspace       used 124793K, committed 125632K, reserved 1179648K
  class space    used 17489K, committed 17856K, reserved 1048576K
}
Event: 17.348 GC heap after
{Heap after GC invocations=59 (full 0):
 garbage-first heap   total 406528K, used 192729K [0x0000000080000000, 0x0000000100000000)
  region size 1024K, 3 young (3072K), 3 survivors (3072K)
 Metaspace       used 124793K, committed 125632K, reserved 1179648K
  class space    used 17489K, committed 17856K, reserved 1048576K
}
Event: 17.443 GC heap before
{Heap before GC invocations=59 (full 0):
 garbage-first heap   total 406528K, used 208089K [0x0000000080000000, 0x0000000100000000)
  region size 1024K, 19 young (19456K), 3 survivors (3072K)
 Metaspace       used 125085K, committed 125888K, reserved 1179648K
  class space    used 17534K, committed 17856K, reserved 1048576K
}

